REQ: POST /api/v1/auth/login
REQ: GET /api/v1/events
REQ: GET /api/v1/events
REQ: POST /api/v1/auth/login
REQ: POST /api/v1/auth/login
REQ: POST /api/v1/auth/login
REQ: POST /api/v1/auth/login
REQ: GET /api/v1/events
REQ: GET /api/v1/events
REQ: POST /api/v1/events/register
REQ: GET /api/v1/events
REQ: GET /api/v1/events
REQ: GET /api/v1/events
REQ: GET /api/v1/events
REQ: GET /api/v1/events
REQ: GET /api/v1/events
REQ: GET /api/v1/events
REQ: GET /api/v1/events
REQ: POST /api/v1/auth/login
REQ: GET /api/v1/events
REQ: GET /api/v1/events
REQ: POST /api/v1/auth/register
REQ: POST /api/v1/events
REQ: POST /api/v1/events/register
REQ: POST /api/v1/events/register
REQ: POST /api/v1/auth/login
REQ: POST /api/v1/auth/login
